<?xml version="1.0" encoding="UTF-8"?>
<coverage generated="1620091358879" clover="3.2.0">
  <project timestamp="1620091358879" name="All files">
    <metrics statements="84" coveredstatements="84" conditionals="51" coveredconditionals="51" methods="25" coveredmethods="25" elements="160" coveredelements="160" complexity="0" loc="84" ncloc="84" packages="1" files="2" classes="2"/>
    <file name="basicOperations.js" path="C:\Users\arandamariasol\Desktop\Become a QA - RR\Integration test\basicOperations.js">
      <metrics statements="35" coveredstatements="35" conditionals="4" coveredconditionals="4" methods="19" coveredmethods="19"/>
      <line num="1" count="2" type="stmt"/>
      <line num="2" count="38" type="stmt"/>
      <line num="5" count="2" type="stmt"/>
      <line num="6" count="16" type="stmt"/>
      <line num="9" count="2" type="stmt"/>
      <line num="10" count="8" type="stmt"/>
      <line num="13" count="2" type="stmt"/>
      <line num="14" count="2" type="stmt"/>
      <line num="15" count="2" type="stmt"/>
      <line num="18" count="2" type="stmt"/>
      <line num="19" count="3" type="stmt"/>
      <line num="22" count="2" type="stmt"/>
      <line num="23" count="4" type="stmt"/>
      <line num="26" count="2" type="stmt"/>
      <line num="27" count="1" type="stmt"/>
      <line num="30" count="2" type="stmt"/>
      <line num="31" count="1" type="stmt"/>
      <line num="34" count="2" type="stmt"/>
      <line num="35" count="8" type="stmt"/>
      <line num="36" count="8" type="stmt"/>
      <line num="39" count="2" type="stmt"/>
      <line num="40" count="11" type="stmt"/>
      <line num="43" count="2" type="stmt"/>
      <line num="44" count="6" type="stmt"/>
      <line num="47" count="2" type="stmt"/>
      <line num="48" count="3" type="stmt"/>
      <line num="49" count="8" type="cond" truecount="2" falsecount="0"/>
      <line num="50" count="5" type="stmt"/>
      <line num="52" count="3" type="cond" truecount="2" falsecount="0"/>
      <line num="53" count="1" type="stmt"/>
      <line num="55" count="2" type="stmt"/>
      <line num="59" count="2" type="stmt"/>
      <line num="60" count="3" type="stmt"/>
      <line num="63" count="2" type="stmt"/>
      <line num="64" count="3" type="stmt"/>
    </file>
    <file name="complexOperations.js" path="C:\Users\arandamariasol\Desktop\Become a QA - RR\Integration test\complexOperations.js">
      <metrics statements="49" coveredstatements="49" conditionals="47" coveredconditionals="47" methods="6" coveredmethods="6"/>
      <line num="23" count="2" type="stmt"/>
      <line num="24" count="4" type="cond" truecount="4" falsecount="0"/>
      <line num="25" count="1" type="stmt"/>
      <line num="27" count="3" type="stmt"/>
      <line num="28" count="3" type="cond" truecount="2" falsecount="0"/>
      <line num="29" count="1" type="stmt"/>
      <line num="31" count="2" type="stmt"/>
      <line num="47" count="2" type="cond" truecount="1" falsecount="0"/>
      <line num="48" count="13" type="cond" truecount="4" falsecount="0"/>
      <line num="49" count="1" type="stmt"/>
      <line num="51" count="12" type="cond" truecount="4" falsecount="0"/>
      <line num="52" count="2" type="stmt"/>
      <line num="54" count="10" type="cond" truecount="5" falsecount="0"/>
      <line num="57" count="5" type="stmt"/>
      <line num="59" count="2" type="stmt"/>
      <line num="62" count="2" type="stmt"/>
      <line num="63" count="2" type="stmt"/>
      <line num="65" count="1" type="stmt"/>
      <line num="86" count="2" type="stmt"/>
      <line num="87" count="9" type="cond" truecount="5" falsecount="0"/>
      <line num="88" count="3" type="stmt"/>
      <line num="90" count="6" type="stmt"/>
      <line num="91" count="6" type="cond" truecount="2" falsecount="0"/>
      <line num="92" count="2" type="stmt"/>
      <line num="94" count="4" type="cond" truecount="2" falsecount="0"/>
      <line num="95" count="2" type="stmt"/>
      <line num="97" count="2" type="stmt"/>
      <line num="111" count="2" type="stmt"/>
      <line num="112" count="5" type="cond" truecount="4" falsecount="0"/>
      <line num="113" count="2" type="stmt"/>
      <line num="115" count="3" type="stmt"/>
      <line num="116" count="3" type="cond" truecount="2" falsecount="0"/>
      <line num="117" count="1" type="stmt"/>
      <line num="119" count="2" type="stmt"/>
      <line num="134" count="2" type="stmt"/>
      <line num="135" count="7" type="cond" truecount="2" falsecount="0"/>
      <line num="136" count="1" type="stmt"/>
      <line num="138" count="6" type="cond" truecount="4" falsecount="0"/>
      <line num="139" count="1" type="stmt"/>
      <line num="141" count="5" type="cond" truecount="2" falsecount="0"/>
      <line num="142" count="1" type="stmt"/>
      <line num="144" count="4" type="stmt"/>
      <line num="158" count="2" type="stmt"/>
      <line num="159" count="4" type="cond" truecount="2" falsecount="0"/>
      <line num="160" count="1" type="stmt"/>
      <line num="162" count="3" type="stmt"/>
      <line num="163" count="3" type="cond" truecount="2" falsecount="0"/>
      <line num="164" count="1" type="stmt"/>
      <line num="166" count="2" type="stmt"/>
    </file>
  </project>
</coverage>
