TN:
SF:basicOperations.js
FN:1,(anonymous_0)
FN:5,(anonymous_1)
FN:9,(anonymous_2)
FN:13,(anonymous_3)
FN:18,(anonymous_4)
FN:22,(anonymous_5)
FN:26,(anonymous_6)
FN:30,(anonymous_7)
FN:34,(anonymous_8)
FN:39,(anonymous_9)
FN:40,(anonymous_10)
FN:43,(anonymous_11)
FN:44,(anonymous_12)
FN:47,(anonymous_13)
FN:48,(anonymous_14)
FN:59,(anonymous_15)
FN:60,(anonymous_16)
FN:63,(anonymous_17)
FN:64,(anonymous_18)
FNF:19
FNH:19
FNDA:38,(anonymous_0)
FNDA:16,(anonymous_1)
FNDA:8,(anonymous_2)
FNDA:2,(anonymous_3)
FNDA:3,(anonymous_4)
FNDA:4,(anonymous_5)
FNDA:1,(anonymous_6)
FNDA:1,(anonymous_7)
FNDA:8,(anonymous_8)
FNDA:4,(anonymous_9)
FNDA:11,(anonymous_10)
FNDA:2,(anonymous_11)
FNDA:6,(anonymous_12)
FNDA:3,(anonymous_13)
FNDA:8,(anonymous_14)
FNDA:1,(anonymous_15)
FNDA:3,(anonymous_16)
FNDA:1,(anonymous_17)
FNDA:3,(anonymous_18)
DA:1,2
DA:2,38
DA:5,2
DA:6,16
DA:9,2
DA:10,8
DA:13,2
DA:14,2
DA:15,2
DA:18,2
DA:19,3
DA:22,2
DA:23,4
DA:26,2
DA:27,1
DA:30,2
DA:31,1
DA:34,2
DA:35,8
DA:36,8
DA:39,2
DA:40,11
DA:43,2
DA:44,6
DA:47,2
DA:48,3
DA:49,8
DA:50,5
DA:52,3
DA:53,1
DA:55,2
DA:59,2
DA:60,3
DA:63,2
DA:64,3
LF:35
LH:35
BRDA:49,0,0,5
BRDA:49,0,1,3
BRDA:52,1,0,1
BRDA:52,1,1,2
BRF:4
BRH:4
end_of_record
TN:
SF:complexOperations.js
FN:23,(anonymous_0)
FN:47,(anonymous_1)
FN:86,(anonymous_2)
FN:111,(anonymous_3)
FN:134,(anonymous_4)
FN:158,(anonymous_5)
FNF:6
FNH:6
FNDA:4,(anonymous_0)
FNDA:13,(anonymous_1)
FNDA:9,(anonymous_2)
FNDA:5,(anonymous_3)
FNDA:7,(anonymous_4)
FNDA:4,(anonymous_5)
DA:23,2
DA:24,4
DA:25,1
DA:27,3
DA:28,3
DA:29,1
DA:31,2
DA:47,2
DA:48,13
DA:49,1
DA:51,12
DA:52,2
DA:54,10
DA:57,5
DA:59,2
DA:62,2
DA:63,2
DA:65,1
DA:86,2
DA:87,9
DA:88,3
DA:90,6
DA:91,6
DA:92,2
DA:94,4
DA:95,2
DA:97,2
DA:111,2
DA:112,5
DA:113,2
DA:115,3
DA:116,3
DA:117,1
DA:119,2
DA:134,2
DA:135,7
DA:136,1
DA:138,6
DA:139,1
DA:141,5
DA:142,1
DA:144,4
DA:158,2
DA:159,4
DA:160,1
DA:162,3
DA:163,3
DA:164,1
DA:166,2
LF:49
LH:49
BRDA:24,0,0,1
BRDA:24,0,1,3
BRDA:24,1,0,4
BRDA:24,1,1,4
BRDA:28,2,0,1
BRDA:28,2,1,2
BRDA:47,3,0,2
BRDA:48,4,0,1
BRDA:48,4,1,12
BRDA:48,5,0,13
BRDA:48,5,1,13
BRDA:51,6,0,2
BRDA:51,6,1,10
BRDA:51,7,0,12
BRDA:51,7,1,11
BRDA:54,8,0,2
BRDA:54,8,1,5
BRDA:54,8,2,2
BRDA:54,8,3,2
BRDA:54,8,4,1
BRDA:87,9,0,3
BRDA:87,9,1,6
BRDA:87,10,0,9
BRDA:87,10,1,8
BRDA:87,10,2,7
BRDA:91,11,0,2
BRDA:91,11,1,4
BRDA:94,12,0,2
BRDA:94,12,1,2
BRDA:112,13,0,2
BRDA:112,13,1,3
BRDA:112,14,0,5
BRDA:112,14,1,4
BRDA:116,15,0,1
BRDA:116,15,1,2
BRDA:135,16,0,1
BRDA:135,16,1,6
BRDA:138,17,0,1
BRDA:138,17,1,5
BRDA:138,18,0,6
BRDA:138,18,1,6
BRDA:141,19,0,1
BRDA:141,19,1,4
BRDA:159,20,0,1
BRDA:159,20,1,3
BRDA:163,21,0,1
BRDA:163,21,1,2
BRF:47
BRH:47
end_of_record
